<?xml version="1.0" encoding="UTF-8"?>
<!-- Generated by org.testng.reporters.JUnitReportReporter -->
<testsuite hostname="DESKTOP-T2MM1GM" failures="0" tests="4" name="testRunners.TestNGRunnerTest" time="0.095" errors="0" timestamp="2024-03-28T21:29:10 IST" skipped="0">
  <testcase classname="testRunners.TestNGRunnerTest" name="runScenario" time="0.008"/>
  <testcase classname="testRunners.TestNGRunnerTest" name="runScenario" time="0.075"/>
  <testcase classname="testRunners.TestNGRunnerTest" name="runScenario" time="0.007"/>
  <testcase classname="testRunners.TestNGRunnerTest" name="runScenario" time="0.005"/>
</testsuite> <!-- testRunners.TestNGRunnerTest -->
